{"D:\\projects\\stockbit-movie-app\\src\\assets\\icons\\Imdb.tsx": {"path":"D:\\projects\\stockbit-movie-app\\src\\assets\\icons\\Imdb.tsx","statementMap":{"0":{"start":{"line":3,"column":58},"end":{"line":26,"column":null}},"1":{"start":{"line":4,"column":2},"end":{"line":26,"column":null}}},"fnMap":{"0":{"name":"(anonymous_0)","decl":{"start":{"line":3,"column":58},"end":{"line":3,"column":59}},"loc":{"start":{"line":4,"column":2},"end":{"line":26,"column":null}},"line":4}},"branchMap":{},"s":{"0":2,"1":2},"f":{"0":2},"b":{},"meta":{"lastBranch":0,"lastFunction":1,"lastStatement":2,"seen":{"s:3:58:26:Infinity":0,"f:3:58:3:59":0,"s:4:2:26:Infinity":1}}}
,"D:\\projects\\stockbit-movie-app\\src\\assets\\icons\\Metametric.tsx": {"path":"D:\\projects\\stockbit-movie-app\\src\\assets\\icons\\Metametric.tsx","statementMap":{"0":{"start":{"line":3,"column":64},"end":{"line":35,"column":null}},"1":{"start":{"line":6,"column":2},"end":{"line":35,"column":null}}},"fnMap":{"0":{"name":"(anonymous_0)","decl":{"start":{"line":3,"column":64},"end":{"line":3,"column":65}},"loc":{"start":{"line":6,"column":2},"end":{"line":35,"column":null}},"line":6}},"branchMap":{},"s":{"0":2,"1":2},"f":{"0":2},"b":{},"meta":{"lastBranch":0,"lastFunction":1,"lastStatement":2,"seen":{"s:3:64:35:Infinity":0,"f:3:64:3:65":0,"s:6:2:35:Infinity":1}}}
,"D:\\projects\\stockbit-movie-app\\src\\assets\\icons\\Rotten.tsx": {"path":"D:\\projects\\stockbit-movie-app\\src\\assets\\icons\\Rotten.tsx","statementMap":{"0":{"start":{"line":3,"column":60},"end":{"line":31,"column":null}},"1":{"start":{"line":4,"column":2},"end":{"line":31,"column":null}}},"fnMap":{"0":{"name":"(anonymous_0)","decl":{"start":{"line":3,"column":60},"end":{"line":3,"column":61}},"loc":{"start":{"line":4,"column":2},"end":{"line":31,"column":null}},"line":4}},"branchMap":{},"s":{"0":2,"1":2},"f":{"0":2},"b":{},"meta":{"lastBranch":0,"lastFunction":1,"lastStatement":2,"seen":{"s:3:60:31:Infinity":0,"f:3:60:3:61":0,"s:4:2:31:Infinity":1}}}
,"D:\\projects\\stockbit-movie-app\\src\\components\\Button.tsx": {"path":"D:\\projects\\stockbit-movie-app\\src\\components\\Button.tsx","statementMap":{"0":{"start":{"line":8,"column":45},"end":{"line":31,"column":null}},"1":{"start":{"line":15,"column":4},"end":{"line":15,"column":null}},"2":{"start":{"line":17,"column":8},"end":{"line":24,"column":null}},"3":{"start":{"line":26,"column":2},"end":{"line":29,"column":null}}},"fnMap":{"0":{"name":"(anonymous_0)","decl":{"start":{"line":8,"column":45},"end":{"line":8,"column":46}},"loc":{"start":{"line":13,"column":6},"end":{"line":31,"column":null}},"line":13}},"branchMap":{"0":{"loc":{"start":{"line":11,"column":2},"end":{"line":11,"column":null}},"type":"default-arg","locations":[{"start":{"line":11,"column":12},"end":{"line":11,"column":null}}],"line":11}},"s":{"0":3,"1":15,"2":15,"3":15},"f":{"0":15},"b":{"0":[15]},"meta":{"lastBranch":1,"lastFunction":1,"lastStatement":4,"seen":{"s:8:45:31:Infinity":0,"f:8:45:8:46":0,"b:11:12:11:Infinity":0,"s:15:4:15:Infinity":1,"s:17:8:24:Infinity":2,"s:26:2:29:Infinity":3}}}
,"D:\\projects\\stockbit-movie-app\\src\\components\\Card.tsx": {"path":"D:\\projects\\stockbit-movie-app\\src\\components\\Card.tsx","statementMap":{"0":{"start":{"line":10,"column":20},"end":{"line":16,"column":null}},"1":{"start":{"line":11,"column":2},"end":{"line":14,"column":null}}},"fnMap":{"0":{"name":"(anonymous_0)","decl":{"start":{"line":10,"column":20},"end":{"line":10,"column":21}},"loc":{"start":{"line":10,"column":60},"end":{"line":16,"column":null}},"line":10}},"branchMap":{},"s":{"0":2,"1":9},"f":{"0":9},"b":{},"meta":{"lastBranch":0,"lastFunction":1,"lastStatement":2,"seen":{"s:10:20:16:Infinity":0,"f:10:20:10:21":0,"s:11:2:14:Infinity":1}}}
,"D:\\projects\\stockbit-movie-app\\src\\components\\CloseButton.tsx": {"path":"D:\\projects\\stockbit-movie-app\\src\\components\\CloseButton.tsx","statementMap":{"0":{"start":{"line":8,"column":27},"end":{"line":18,"column":null}},"1":{"start":{"line":9,"column":2},"end":{"line":16,"column":null}}},"fnMap":{"0":{"name":"(anonymous_0)","decl":{"start":{"line":8,"column":27},"end":{"line":8,"column":28}},"loc":{"start":{"line":8,"column":73},"end":{"line":18,"column":null}},"line":8}},"branchMap":{"0":{"loc":{"start":{"line":13,"column":50},"end":{"line":13,"column":65}},"type":"binary-expr","locations":[{"start":{"line":13,"column":50},"end":{"line":13,"column":63}},{"start":{"line":13,"column":63},"end":{"line":13,"column":65}}],"line":13}},"s":{"0":3,"1":7},"f":{"0":7},"b":{"0":[7,2]},"meta":{"lastBranch":1,"lastFunction":1,"lastStatement":2,"seen":{"s:8:27:18:Infinity":0,"f:8:27:8:28":0,"s:9:2:16:Infinity":1,"b:13:50:13:63:13:63:13:65":0}}}
,"D:\\projects\\stockbit-movie-app\\src\\components\\DetailItem.tsx": {"path":"D:\\projects\\stockbit-movie-app\\src\\components\\DetailItem.tsx","statementMap":{"0":{"start":{"line":9,"column":53},"end":{"line":20,"column":null}},"1":{"start":{"line":14,"column":2},"end":{"line":14,"column":null}},"2":{"start":{"line":14,"column":14},"end":{"line":14,"column":null}},"3":{"start":{"line":15,"column":2},"end":{"line":18,"column":null}}},"fnMap":{"0":{"name":"(anonymous_0)","decl":{"start":{"line":9,"column":53},"end":{"line":9,"column":54}},"loc":{"start":{"line":13,"column":6},"end":{"line":20,"column":null}},"line":13}},"branchMap":{"0":{"loc":{"start":{"line":14,"column":2},"end":{"line":14,"column":null}},"type":"if","locations":[{"start":{"line":14,"column":2},"end":{"line":14,"column":null}},{"start":{},"end":{}}],"line":14}},"s":{"0":3,"1":88,"2":2,"3":86},"f":{"0":88},"b":{"0":[2,86]},"meta":{"lastBranch":1,"lastFunction":1,"lastStatement":4,"seen":{"s:9:53:20:Infinity":0,"f:9:53:9:54":0,"b:14:2:14:Infinity:undefined:undefined:undefined:undefined":0,"s:14:2:14:Infinity":1,"s:14:14:14:Infinity":2,"s:15:2:18:Infinity":3}}}
,"D:\\projects\\stockbit-movie-app\\src\\components\\ErrorMessage.tsx": {"path":"D:\\projects\\stockbit-movie-app\\src\\components\\ErrorMessage.tsx","statementMap":{"0":{"start":{"line":6,"column":28},"end":{"line":16,"column":null}},"1":{"start":{"line":10,"column":2},"end":{"line":14,"column":null}}},"fnMap":{"0":{"name":"(anonymous_0)","decl":{"start":{"line":6,"column":28},"end":{"line":6,"column":29}},"loc":{"start":{"line":9,"column":25},"end":{"line":16,"column":null}},"line":9}},"branchMap":{"0":{"loc":{"start":{"line":7,"column":2},"end":{"line":7,"column":null}},"type":"default-arg","locations":[{"start":{"line":7,"column":10},"end":{"line":7,"column":null}}],"line":7}},"s":{"0":1,"1":3},"f":{"0":3},"b":{"0":[3]},"meta":{"lastBranch":1,"lastFunction":1,"lastStatement":2,"seen":{"s:6:28:16:Infinity":0,"f:6:28:6:29":0,"b:7:10:7:Infinity":0,"s:10:2:14:Infinity":1}}}
,"D:\\projects\\stockbit-movie-app\\src\\components\\Image.tsx": {"path":"D:\\projects\\stockbit-movie-app\\src\\components\\Image.tsx","statementMap":{"0":{"start":{"line":12,"column":21},"end":{"line":44,"column":null}},"1":{"start":{"line":13,"column":30},"end":{"line":13,"column":null}},"2":{"start":{"line":15,"column":2},"end":{"line":32,"column":null}},"3":{"start":{"line":16,"column":4},"end":{"line":30,"column":null}},"4":{"start":{"line":34,"column":2},"end":{"line":42,"column":null}},"5":{"start":{"line":39,"column":21},"end":{"line":39,"column":null}}},"fnMap":{"0":{"name":"(anonymous_0)","decl":{"start":{"line":12,"column":21},"end":{"line":12,"column":22}},"loc":{"start":{"line":12,"column":72},"end":{"line":44,"column":null}},"line":12},"1":{"name":"(anonymous_1)","decl":{"start":{"line":39,"column":15},"end":{"line":39,"column":21}},"loc":{"start":{"line":39,"column":21},"end":{"line":39,"column":null}},"line":39}},"branchMap":{"0":{"loc":{"start":{"line":15,"column":2},"end":{"line":32,"column":null}},"type":"if","locations":[{"start":{"line":15,"column":2},"end":{"line":32,"column":null}},{"start":{},"end":{}}],"line":15},"1":{"loc":{"start":{"line":15,"column":6},"end":{"line":15,"column":41}},"type":"binary-expr","locations":[{"start":{"line":15,"column":6},"end":{"line":15,"column":18}},{"start":{"line":15,"column":18},"end":{"line":15,"column":26}},{"start":{"line":15,"column":26},"end":{"line":15,"column":41}}],"line":15}},"s":{"0":4,"1":19,"2":19,"3":4,"4":15,"5":1},"f":{"0":19,"1":1},"b":{"0":[4,15],"1":[19,18,17]},"meta":{"lastBranch":2,"lastFunction":2,"lastStatement":6,"seen":{"s:12:21:44:Infinity":0,"f:12:21:12:22":0,"s:13:30:13:Infinity":1,"b:15:2:32:Infinity:undefined:undefined:undefined:undefined":0,"s:15:2:32:Infinity":2,"b:15:6:15:18:15:18:15:26:15:26:15:41":1,"s:16:4:30:Infinity":3,"s:34:2:42:Infinity":4,"f:39:15:39:21":1,"s:39:21:39:Infinity":5}}}
,"D:\\projects\\stockbit-movie-app\\src\\components\\Label.tsx": {"path":"D:\\projects\\stockbit-movie-app\\src\\components\\Label.tsx","statementMap":{"0":{"start":{"line":18,"column":43},"end":{"line":45,"column":null}},"1":{"start":{"line":25,"column":4},"end":{"line":25,"column":null}},"2":{"start":{"line":27,"column":8},"end":{"line":38,"column":null}},"3":{"start":{"line":40,"column":2},"end":{"line":43,"column":null}}},"fnMap":{"0":{"name":"(anonymous_0)","decl":{"start":{"line":18,"column":43},"end":{"line":18,"column":44}},"loc":{"start":{"line":23,"column":6},"end":{"line":45,"column":null}},"line":23}},"branchMap":{"0":{"loc":{"start":{"line":20,"column":2},"end":{"line":20,"column":null}},"type":"default-arg","locations":[{"start":{"line":20,"column":12},"end":{"line":20,"column":null}}],"line":20}},"s":{"0":4,"1":21,"2":21,"3":21},"f":{"0":21},"b":{"0":[21]},"meta":{"lastBranch":1,"lastFunction":1,"lastStatement":4,"seen":{"s:18:43:45:Infinity":0,"f:18:43:18:44":0,"b:20:12:20:Infinity":0,"s:25:4:25:Infinity":1,"s:27:8:38:Infinity":2,"s:40:2:43:Infinity":3}}}
,"D:\\projects\\stockbit-movie-app\\src\\components\\Loading.tsx": {"path":"D:\\projects\\stockbit-movie-app\\src\\components\\Loading.tsx","statementMap":{"0":{"start":{"line":6,"column":23},"end":{"line":22,"column":null}},"1":{"start":{"line":10,"column":25},"end":{"line":12,"column":null}},"2":{"start":{"line":14,"column":2},"end":{"line":20,"column":null}}},"fnMap":{"0":{"name":"(anonymous_0)","decl":{"start":{"line":6,"column":23},"end":{"line":6,"column":24}},"loc":{"start":{"line":9,"column":20},"end":{"line":22,"column":null}},"line":9}},"branchMap":{"0":{"loc":{"start":{"line":7,"column":2},"end":{"line":7,"column":null}},"type":"default-arg","locations":[{"start":{"line":7,"column":15},"end":{"line":7,"column":null}}],"line":7},"1":{"loc":{"start":{"line":8,"column":2},"end":{"line":8,"column":null}},"type":"default-arg","locations":[{"start":{"line":8,"column":12},"end":{"line":8,"column":null}}],"line":8},"2":{"loc":{"start":{"line":10,"column":25},"end":{"line":12,"column":null}},"type":"cond-expr","locations":[{"start":{"line":11,"column":6},"end":{"line":11,"column":null}},{"start":{"line":12,"column":6},"end":{"line":12,"column":null}}],"line":10},"3":{"loc":{"start":{"line":18,"column":9},"end":{"line":18,"column":null}},"type":"binary-expr","locations":[{"start":{"line":18,"column":9},"end":{"line":18,"column":20}},{"start":{"line":18,"column":20},"end":{"line":18,"column":null}}],"line":18}},"s":{"0":1,"1":4,"2":4},"f":{"0":4},"b":{"0":[4],"1":[4],"2":[1,3],"3":[4,4]},"meta":{"lastBranch":4,"lastFunction":1,"lastStatement":3,"seen":{"s:6:23:22:Infinity":0,"f:6:23:6:24":0,"b:7:15:7:Infinity":0,"b:8:12:8:Infinity":1,"s:10:25:12:Infinity":1,"b:11:6:11:Infinity:12:6:12:Infinity":2,"s:14:2:20:Infinity":2,"b:18:9:18:20:18:20:18:Infinity":3}}}
,"D:\\projects\\stockbit-movie-app\\src\\components\\Modal.tsx": {"path":"D:\\projects\\stockbit-movie-app\\src\\components\\Modal.tsx","statementMap":{"0":{"start":{"line":10,"column":21},"end":{"line":27,"column":null}},"1":{"start":{"line":11,"column":2},"end":{"line":16,"column":null}},"2":{"start":{"line":12,"column":4},"end":{"line":12,"column":null}},"3":{"start":{"line":13,"column":4},"end":{"line":15,"column":null}},"4":{"start":{"line":14,"column":6},"end":{"line":14,"column":null}},"5":{"start":{"line":18,"column":2},"end":{"line":18,"column":null}},"6":{"start":{"line":18,"column":15},"end":{"line":18,"column":null}},"7":{"start":{"line":20,"column":2},"end":{"line":26,"column":null}}},"fnMap":{"0":{"name":"(anonymous_0)","decl":{"start":{"line":10,"column":21},"end":{"line":10,"column":22}},"loc":{"start":{"line":10,"column":68},"end":{"line":27,"column":null}},"line":10},"1":{"name":"(anonymous_1)","decl":{"start":{"line":11,"column":12},"end":{"line":11,"column":18}},"loc":{"start":{"line":11,"column":18},"end":{"line":16,"column":5}},"line":11},"2":{"name":"(anonymous_2)","decl":{"start":{"line":13,"column":11},"end":{"line":13,"column":17}},"loc":{"start":{"line":13,"column":17},"end":{"line":15,"column":null}},"line":13}},"branchMap":{"0":{"loc":{"start":{"line":12,"column":35},"end":{"line":12,"column":null}},"type":"cond-expr","locations":[{"start":{"line":12,"column":44},"end":{"line":12,"column":55}},{"start":{"line":12,"column":55},"end":{"line":12,"column":null}}],"line":12},"1":{"loc":{"start":{"line":18,"column":2},"end":{"line":18,"column":null}},"type":"if","locations":[{"start":{"line":18,"column":2},"end":{"line":18,"column":null}},{"start":{},"end":{}}],"line":18}},"s":{"0":3,"1":9,"2":9,"3":9,"4":9,"5":9,"6":2,"7":7},"f":{"0":9,"1":9,"2":9},"b":{"0":[7,2],"1":[2,7]},"meta":{"lastBranch":2,"lastFunction":3,"lastStatement":8,"seen":{"s:10:21:27:Infinity":0,"f:10:21:10:22":0,"s:11:2:16:Infinity":1,"f:11:12:11:18":1,"s:12:4:12:Infinity":2,"b:12:44:12:55:12:55:12:Infinity":0,"s:13:4:15:Infinity":3,"f:13:11:13:17":2,"s:14:6:14:Infinity":4,"b:18:2:18:Infinity:undefined:undefined:undefined:undefined":1,"s:18:2:18:Infinity":5,"s:18:15:18:Infinity":6,"s:20:2:26:Infinity":7}}}
,"D:\\projects\\stockbit-movie-app\\src\\components\\NotFound.tsx": {"path":"D:\\projects\\stockbit-movie-app\\src\\components\\NotFound.tsx","statementMap":{"0":{"start":{"line":6,"column":24},"end":{"line":20,"column":null}},"1":{"start":{"line":7,"column":2},"end":{"line":18,"column":null}}},"fnMap":{"0":{"name":"(anonymous_0)","decl":{"start":{"line":6,"column":24},"end":{"line":6,"column":25}},"loc":{"start":{"line":6,"column":78},"end":{"line":20,"column":null}},"line":6}},"branchMap":{"0":{"loc":{"start":{"line":6,"column":27},"end":{"line":6,"column":57}},"type":"default-arg","locations":[{"start":{"line":6,"column":37},"end":{"line":6,"column":57}}],"line":6},"1":{"loc":{"start":{"line":11,"column":9},"end":{"line":15,"column":null}},"type":"binary-expr","locations":[{"start":{"line":11,"column":9},"end":{"line":11,"column":null}},{"start":{"line":12,"column":10},"end":{"line":15,"column":null}}],"line":11}},"s":{"0":1,"1":4},"f":{"0":4},"b":{"0":[4],"1":[4,2]},"meta":{"lastBranch":2,"lastFunction":1,"lastStatement":2,"seen":{"s:6:24:20:Infinity":0,"f:6:24:6:25":0,"b:6:37:6:57":0,"s:7:2:18:Infinity":1,"b:11:9:11:Infinity:12:10:15:Infinity":1}}}
,"D:\\projects\\stockbit-movie-app\\src\\components\\TextField.tsx": {"path":"D:\\projects\\stockbit-movie-app\\src\\components\\TextField.tsx","statementMap":{"0":{"start":{"line":8,"column":25},"end":{"line":32,"column":null}},"1":{"start":{"line":9,"column":2},"end":{"line":30,"column":null}}},"fnMap":{"0":{"name":"(anonymous_0)","decl":{"start":{"line":8,"column":25},"end":{"line":8,"column":26}},"loc":{"start":{"line":8,"column":64},"end":{"line":32,"column":null}},"line":8}},"branchMap":{"0":{"loc":{"start":{"line":11,"column":7},"end":{"line":12,"column":null}},"type":"binary-expr","locations":[{"start":{"line":11,"column":7},"end":{"line":11,"column":null}},{"start":{"line":12,"column":8},"end":{"line":12,"column":null}}],"line":11},"1":{"loc":{"start":{"line":24,"column":12},"end":{"line":24,"column":48}},"type":"cond-expr","locations":[{"start":{"line":24,"column":20},"end":{"line":24,"column":46}},{"start":{"line":24,"column":46},"end":{"line":24,"column":48}}],"line":24},"2":{"loc":{"start":{"line":25,"column":12},"end":{"line":25,"column":33}},"type":"binary-expr","locations":[{"start":{"line":25,"column":12},"end":{"line":25,"column":31}},{"start":{"line":25,"column":31},"end":{"line":25,"column":33}}],"line":25},"3":{"loc":{"start":{"line":29,"column":7},"end":{"line":29,"column":null}},"type":"binary-expr","locations":[{"start":{"line":29,"column":7},"end":{"line":29,"column":16}},{"start":{"line":29,"column":16},"end":{"line":29,"column":null}}],"line":29}},"s":{"0":1,"1":5},"f":{"0":5},"b":{"0":[5,1],"1":[2,3],"2":[5,5],"3":[5,2]},"meta":{"lastBranch":4,"lastFunction":1,"lastStatement":2,"seen":{"s:8:25:32:Infinity":0,"f:8:25:8:26":0,"s:9:2:30:Infinity":1,"b:11:7:11:Infinity:12:8:12:Infinity":0,"b:24:20:24:46:24:46:24:48":1,"b:25:12:25:31:25:31:25:33":2,"b:29:7:29:16:29:16:29:Infinity":3}}}
,"D:\\projects\\stockbit-movie-app\\src\\features\\movies\\api\\moviesApi.ts": {"path":"D:\\projects\\stockbit-movie-app\\src\\features\\movies\\api\\moviesApi.ts","statementMap":{"0":{"start":{"line":4,"column":30},"end":{"line":26,"column":null}},"1":{"start":{"line":8,"column":19},"end":{"line":13,"column":null}},"2":{"start":{"line":15,"column":2},"end":{"line":20,"column":null}},"3":{"start":{"line":16,"column":4},"end":{"line":19,"column":null}},"4":{"start":{"line":22,"column":2},"end":{"line":25,"column":null}}},"fnMap":{"0":{"name":"(anonymous_0)","decl":{"start":{"line":4,"column":30},"end":{"line":4,"column":null}},"loc":{"start":{"line":7,"column":57},"end":{"line":26,"column":null}},"line":7}},"branchMap":{"0":{"loc":{"start":{"line":15,"column":2},"end":{"line":20,"column":null}},"type":"if","locations":[{"start":{"line":15,"column":2},"end":{"line":20,"column":null}},{"start":{},"end":{}}],"line":15}},"s":{"0":1,"1":0,"2":0,"3":0,"4":0},"f":{"0":0},"b":{"0":[0,0]},"meta":{"lastBranch":1,"lastFunction":1,"lastStatement":5,"seen":{"s:4:30:26:Infinity":0,"f:4:30:4:Infinity":0,"s:8:19:13:Infinity":1,"b:15:2:20:Infinity:undefined:undefined:undefined:undefined":0,"s:15:2:20:Infinity":2,"s:16:4:19:Infinity":3,"s:22:2:25:Infinity":4}}}
,"D:\\projects\\stockbit-movie-app\\src\\features\\movies\\components\\detail\\MovieDetail.tsx": {"path":"D:\\projects\\stockbit-movie-app\\src\\features\\movies\\components\\detail\\MovieDetail.tsx","statementMap":{"0":{"start":{"line":11,"column":31},"end":{"line":47,"column":null}},"1":{"start":{"line":12,"column":8},"end":{"line":12,"column":null}},"2":{"start":{"line":14,"column":2},"end":{"line":45,"column":null}},"3":{"start":{"line":38,"column":27},"end":{"line":38,"column":null}}},"fnMap":{"0":{"name":"(anonymous_0)","decl":{"start":{"line":11,"column":31},"end":{"line":11,"column":32}},"loc":{"start":{"line":11,"column":70},"end":{"line":47,"column":null}},"line":11},"1":{"name":"(anonymous_1)","decl":{"start":{"line":38,"column":21},"end":{"line":38,"column":27}},"loc":{"start":{"line":38,"column":27},"end":{"line":38,"column":null}},"line":38}},"branchMap":{},"s":{"0":1,"1":3,"2":3,"3":1},"f":{"0":3,"1":1},"b":{},"meta":{"lastBranch":0,"lastFunction":2,"lastStatement":4,"seen":{"s:11:31:47:Infinity":0,"f:11:31:11:32":0,"s:12:8:12:Infinity":1,"s:14:2:45:Infinity":2,"f:38:21:38:27":1,"s:38:27:38:Infinity":3}}}
,"D:\\projects\\stockbit-movie-app\\src\\features\\movies\\components\\detail\\MovieDetailBackground.tsx": {"path":"D:\\projects\\stockbit-movie-app\\src\\features\\movies\\components\\detail\\MovieDetailBackground.tsx","statementMap":{"0":{"start":{"line":6,"column":37},"end":{"line":28,"column":null}},"1":{"start":{"line":10,"column":26},"end":{"line":10,"column":null}},"2":{"start":{"line":12,"column":2},"end":{"line":26,"column":null}}},"fnMap":{"0":{"name":"(anonymous_0)","decl":{"start":{"line":6,"column":37},"end":{"line":6,"column":38}},"loc":{"start":{"line":9,"column":34},"end":{"line":28,"column":null}},"line":9}},"branchMap":{"0":{"loc":{"start":{"line":10,"column":26},"end":{"line":10,"column":null}},"type":"cond-expr","locations":[{"start":{"line":10,"column":52},"end":{"line":10,"column":61}},{"start":{"line":10,"column":61},"end":{"line":10,"column":null}}],"line":10},"1":{"loc":{"start":{"line":10,"column":26},"end":{"line":10,"column":52}},"type":"binary-expr","locations":[{"start":{"line":10,"column":26},"end":{"line":10,"column":36}},{"start":{"line":10,"column":36},"end":{"line":10,"column":52}}],"line":10},"2":{"loc":{"start":{"line":16,"column":25},"end":{"line":18,"column":null}},"type":"cond-expr","locations":[{"start":{"line":17,"column":12},"end":{"line":17,"column":null}},{"start":{"line":18,"column":12},"end":{"line":18,"column":null}}],"line":16},"3":{"loc":{"start":{"line":21,"column":7},"end":{"line":22,"column":null}},"type":"binary-expr","locations":[{"start":{"line":21,"column":7},"end":{"line":21,"column":null}},{"start":{"line":22,"column":8},"end":{"line":22,"column":null}}],"line":21}},"s":{"0":2,"1":8,"2":8},"f":{"0":8},"b":{"0":[5,3],"1":[8,5],"2":[5,3],"3":[8,5]},"meta":{"lastBranch":4,"lastFunction":1,"lastStatement":3,"seen":{"s:6:37:28:Infinity":0,"f:6:37:6:38":0,"s:10:26:10:Infinity":1,"b:10:52:10:61:10:61:10:Infinity":0,"b:10:26:10:36:10:36:10:52":1,"s:12:2:26:Infinity":2,"b:17:12:17:Infinity:18:12:18:Infinity":2,"b:21:7:21:Infinity:22:8:22:Infinity":3}}}
,"D:\\projects\\stockbit-movie-app\\src\\features\\movies\\components\\detail\\MovieDetailDescription.tsx": {"path":"D:\\projects\\stockbit-movie-app\\src\\features\\movies\\components\\detail\\MovieDetailDescription.tsx","statementMap":{"0":{"start":{"line":9,"column":38},"end":{"line":14,"column":null}},"1":{"start":{"line":10,"column":2},"end":{"line":14,"column":null}},"2":{"start":{"line":12,"column":6},"end":{"line":12,"column":null}}},"fnMap":{"0":{"name":"(anonymous_0)","decl":{"start":{"line":9,"column":38},"end":{"line":9,"column":39}},"loc":{"start":{"line":10,"column":2},"end":{"line":14,"column":null}},"line":10},"1":{"name":"(anonymous_1)","decl":{"start":{"line":11,"column":33},"end":{"line":11,"column":34}},"loc":{"start":{"line":12,"column":6},"end":{"line":12,"column":null}},"line":12}},"branchMap":{},"s":{"0":2,"1":6,"2":84},"f":{"0":6,"1":84},"b":{},"meta":{"lastBranch":0,"lastFunction":2,"lastStatement":3,"seen":{"s:9:38:14:Infinity":0,"f:9:38:9:39":0,"s:10:2:14:Infinity":1,"f:11:33:11:34":1,"s:12:6:12:Infinity":2}}}
,"D:\\projects\\stockbit-movie-app\\src\\features\\movies\\components\\detail\\MovieDetailHeader.tsx": {"path":"D:\\projects\\stockbit-movie-app\\src\\features\\movies\\components\\detail\\MovieDetailHeader.tsx","statementMap":{"0":{"start":{"line":10,"column":67},"end":{"line":32,"column":null}},"1":{"start":{"line":13,"column":2},"end":{"line":30,"column":null}}},"fnMap":{"0":{"name":"(anonymous_0)","decl":{"start":{"line":10,"column":67},"end":{"line":10,"column":68}},"loc":{"start":{"line":12,"column":6},"end":{"line":32,"column":null}},"line":12}},"branchMap":{},"s":{"0":2,"1":7},"f":{"0":7},"b":{},"meta":{"lastBranch":0,"lastFunction":1,"lastStatement":2,"seen":{"s:10:67:32:Infinity":0,"f:10:67:10:68":0,"s:13:2:30:Infinity":1}}}
,"D:\\projects\\stockbit-movie-app\\src\\features\\movies\\components\\detail\\MovieDetailItem.tsx": {"path":"D:\\projects\\stockbit-movie-app\\src\\features\\movies\\components\\detail\\MovieDetailItem.tsx","statementMap":{"0":{"start":{"line":3,"column":32},"end":{"line":18,"column":null}},"1":{"start":{"line":3,"column":56},"end":{"line":18,"column":null}}},"fnMap":{"0":{"name":"(anonymous_0)","decl":{"start":{"line":3,"column":32},"end":{"line":3,"column":33}},"loc":{"start":{"line":3,"column":56},"end":{"line":18,"column":null}},"line":3}},"branchMap":{},"s":{"0":3,"1":10},"f":{"0":10},"b":{},"meta":{"lastBranch":0,"lastFunction":1,"lastStatement":2,"seen":{"s:3:32:18:Infinity":0,"f:3:32:3:33":0,"s:3:56:18:Infinity":1}}}
,"D:\\projects\\stockbit-movie-app\\src\\features\\movies\\components\\detail\\MovieDetailPlot.tsx": {"path":"D:\\projects\\stockbit-movie-app\\src\\features\\movies\\components\\detail\\MovieDetailPlot.tsx","statementMap":{"0":{"start":{"line":7,"column":63},"end":{"line":11,"column":null}},"1":{"start":{"line":8,"column":2},"end":{"line":8,"column":null}},"2":{"start":{"line":8,"column":13},"end":{"line":8,"column":null}},"3":{"start":{"line":10,"column":2},"end":{"line":10,"column":null}}},"fnMap":{"0":{"name":"(anonymous_0)","decl":{"start":{"line":7,"column":63},"end":{"line":7,"column":64}},"loc":{"start":{"line":7,"column":77},"end":{"line":11,"column":null}},"line":7}},"branchMap":{"0":{"loc":{"start":{"line":8,"column":2},"end":{"line":8,"column":null}},"type":"if","locations":[{"start":{"line":8,"column":2},"end":{"line":8,"column":null}},{"start":{},"end":{}}],"line":8}},"s":{"0":2,"1":8,"2":3,"3":5},"f":{"0":8},"b":{"0":[3,5]},"meta":{"lastBranch":1,"lastFunction":1,"lastStatement":4,"seen":{"s:7:63:11:Infinity":0,"f:7:63:7:64":0,"b:8:2:8:Infinity:undefined:undefined:undefined:undefined":0,"s:8:2:8:Infinity":1,"s:8:13:8:Infinity":2,"s:10:2:10:Infinity":3}}}
,"D:\\projects\\stockbit-movie-app\\src\\features\\movies\\components\\detail\\MovieRated.tsx": {"path":"D:\\projects\\stockbit-movie-app\\src\\features\\movies\\components\\detail\\MovieRated.tsx","statementMap":{"0":{"start":{"line":9,"column":53},"end":{"line":15,"column":null}},"1":{"start":{"line":10,"column":2},"end":{"line":10,"column":null}},"2":{"start":{"line":10,"column":14},"end":{"line":10,"column":null}},"3":{"start":{"line":12,"column":18},"end":{"line":12,"column":null}},"4":{"start":{"line":14,"column":2},"end":{"line":14,"column":null}}},"fnMap":{"0":{"name":"(anonymous_0)","decl":{"start":{"line":9,"column":53},"end":{"line":9,"column":54}},"loc":{"start":{"line":9,"column":68},"end":{"line":15,"column":null}},"line":9}},"branchMap":{"0":{"loc":{"start":{"line":10,"column":2},"end":{"line":10,"column":null}},"type":"if","locations":[{"start":{"line":10,"column":2},"end":{"line":10,"column":null}},{"start":{},"end":{}}],"line":10},"1":{"loc":{"start":{"line":12,"column":18},"end":{"line":12,"column":null}},"type":"binary-expr","locations":[{"start":{"line":12,"column":18},"end":{"line":12,"column":55}},{"start":{"line":12,"column":55},"end":{"line":12,"column":null}}],"line":12}},"s":{"0":3,"1":12,"2":2,"3":10,"4":12},"f":{"0":12},"b":{"0":[2,10],"1":[10,1]},"meta":{"lastBranch":2,"lastFunction":1,"lastStatement":5,"seen":{"s:9:53:15:Infinity":0,"f:9:53:9:54":0,"b:10:2:10:Infinity:undefined:undefined:undefined:undefined":0,"s:10:2:10:Infinity":1,"s:10:14:10:Infinity":2,"s:12:18:12:Infinity":3,"b:12:18:12:55:12:55:12:Infinity":1,"s:14:2:14:Infinity":4}}}
,"D:\\projects\\stockbit-movie-app\\src\\features\\movies\\components\\detail\\MovieRating.tsx": {"path":"D:\\projects\\stockbit-movie-app\\src\\features\\movies\\components\\detail\\MovieRating.tsx","statementMap":{"0":{"start":{"line":9,"column":57},"end":{"line":26,"column":null}},"1":{"start":{"line":10,"column":2},"end":{"line":10,"column":null}},"2":{"start":{"line":10,"column":40},"end":{"line":10,"column":null}},"3":{"start":{"line":12,"column":2},"end":{"line":24,"column":null}},"4":{"start":{"line":16,"column":10},"end":{"line":21,"column":null}}},"fnMap":{"0":{"name":"(anonymous_0)","decl":{"start":{"line":9,"column":57},"end":{"line":9,"column":58}},"loc":{"start":{"line":9,"column":74},"end":{"line":26,"column":null}},"line":9},"1":{"name":"(anonymous_1)","decl":{"start":{"line":15,"column":21},"end":{"line":15,"column":22}},"loc":{"start":{"line":16,"column":10},"end":{"line":21,"column":null}},"line":16}},"branchMap":{"0":{"loc":{"start":{"line":10,"column":2},"end":{"line":10,"column":null}},"type":"if","locations":[{"start":{"line":10,"column":2},"end":{"line":10,"column":null}},{"start":{},"end":{}}],"line":10},"1":{"loc":{"start":{"line":10,"column":6},"end":{"line":10,"column":40}},"type":"binary-expr","locations":[{"start":{"line":10,"column":6},"end":{"line":10,"column":18}},{"start":{"line":10,"column":18},"end":{"line":10,"column":40}}],"line":10}},"s":{"0":2,"1":7,"2":2,"3":5,"4":9},"f":{"0":7,"1":9},"b":{"0":[2,5],"1":[7,6]},"meta":{"lastBranch":2,"lastFunction":2,"lastStatement":5,"seen":{"s:9:57:26:Infinity":0,"f:9:57:9:58":0,"b:10:2:10:Infinity:undefined:undefined:undefined:undefined":0,"s:10:2:10:Infinity":1,"b:10:6:10:18:10:18:10:40":1,"s:10:40:10:Infinity":2,"s:12:2:24:Infinity":3,"f:15:21:15:22":1,"s:16:10:21:Infinity":4}}}
,"D:\\projects\\stockbit-movie-app\\src\\features\\movies\\components\\list\\MovieCard.tsx": {"path":"D:\\projects\\stockbit-movie-app\\src\\features\\movies\\components\\list\\MovieCard.tsx","statementMap":{"0":{"start":{"line":13,"column":25},"end":{"line":69,"column":null}},"1":{"start":{"line":14,"column":26},"end":{"line":14,"column":null}},"2":{"start":{"line":16,"column":2},"end":{"line":21,"column":null}},"3":{"start":{"line":17,"column":4},"end":{"line":17,"column":null}},"4":{"start":{"line":18,"column":4},"end":{"line":20,"column":null}},"5":{"start":{"line":19,"column":6},"end":{"line":19,"column":null}},"6":{"start":{"line":23,"column":2},"end":{"line":67,"column":null}},"7":{"start":{"line":36,"column":27},"end":{"line":36,"column":null}},"8":{"start":{"line":64,"column":25},"end":{"line":64,"column":null}}},"fnMap":{"0":{"name":"(anonymous_0)","decl":{"start":{"line":13,"column":25},"end":{"line":13,"column":26}},"loc":{"start":{"line":13,"column":47},"end":{"line":69,"column":null}},"line":13},"1":{"name":"(anonymous_1)","decl":{"start":{"line":16,"column":12},"end":{"line":16,"column":18}},"loc":{"start":{"line":16,"column":18},"end":{"line":21,"column":5}},"line":16},"2":{"name":"(anonymous_2)","decl":{"start":{"line":18,"column":11},"end":{"line":18,"column":17}},"loc":{"start":{"line":18,"column":17},"end":{"line":20,"column":null}},"line":18},"3":{"name":"(anonymous_3)","decl":{"start":{"line":36,"column":21},"end":{"line":36,"column":27}},"loc":{"start":{"line":36,"column":27},"end":{"line":36,"column":null}},"line":36},"4":{"name":"(anonymous_4)","decl":{"start":{"line":64,"column":19},"end":{"line":64,"column":25}},"loc":{"start":{"line":64,"column":25},"end":{"line":64,"column":null}},"line":64}},"branchMap":{"0":{"loc":{"start":{"line":17,"column":35},"end":{"line":17,"column":null}},"type":"cond-expr","locations":[{"start":{"line":17,"column":44},"end":{"line":17,"column":55}},{"start":{"line":17,"column":55},"end":{"line":17,"column":null}}],"line":17},"1":{"loc":{"start":{"line":60,"column":7},"end":{"line":65,"column":null}},"type":"binary-expr","locations":[{"start":{"line":60,"column":7},"end":{"line":60,"column":null}},{"start":{"line":61,"column":8},"end":{"line":65,"column":null}}],"line":60}},"s":{"0":1,"1":6,"2":6,"3":6,"4":6,"5":6,"6":6,"7":2,"8":0},"f":{"0":6,"1":6,"2":6,"3":2,"4":0},"b":{"0":[2,4],"1":[6,2]},"meta":{"lastBranch":2,"lastFunction":5,"lastStatement":9,"seen":{"s:13:25:69:Infinity":0,"f:13:25:13:26":0,"s:14:26:14:Infinity":1,"s:16:2:21:Infinity":2,"f:16:12:16:18":1,"s:17:4:17:Infinity":3,"b:17:44:17:55:17:55:17:Infinity":0,"s:18:4:20:Infinity":4,"f:18:11:18:17":2,"s:19:6:19:Infinity":5,"s:23:2:67:Infinity":6,"f:36:21:36:27":3,"s:36:27:36:Infinity":7,"b:60:7:60:Infinity:61:8:65:Infinity":1,"f:64:19:64:25":4,"s:64:25:64:Infinity":8}}}
,"D:\\projects\\stockbit-movie-app\\src\\features\\movies\\components\\list\\MovieList.tsx": {"path":"D:\\projects\\stockbit-movie-app\\src\\features\\movies\\components\\list\\MovieList.tsx","statementMap":{"0":{"start":{"line":9,"column":25},"end":{"line":29,"column":null}},"1":{"start":{"line":10,"column":2},"end":{"line":27,"column":null}},"2":{"start":{"line":14,"column":25},"end":{"line":14,"column":null}},"3":{"start":{"line":16,"column":10},"end":{"line":22,"column":null}},"4":{"start":{"line":17,"column":12},"end":{"line":20,"column":null}},"5":{"start":{"line":24,"column":10},"end":{"line":24,"column":null}}},"fnMap":{"0":{"name":"(anonymous_0)","decl":{"start":{"line":9,"column":25},"end":{"line":9,"column":26}},"loc":{"start":{"line":9,"column":61},"end":{"line":29,"column":null}},"line":9},"1":{"name":"(anonymous_1)","decl":{"start":{"line":13,"column":20},"end":{"line":13,"column":21}},"loc":{"start":{"line":13,"column":38},"end":{"line":25,"column":9}},"line":13}},"branchMap":{"0":{"loc":{"start":{"line":16,"column":10},"end":{"line":22,"column":null}},"type":"if","locations":[{"start":{"line":16,"column":10},"end":{"line":22,"column":null}},{"start":{},"end":{}}],"line":16},"1":{"loc":{"start":{"line":16,"column":14},"end":{"line":16,"column":37}},"type":"binary-expr","locations":[{"start":{"line":16,"column":14},"end":{"line":16,"column":24}},{"start":{"line":16,"column":24},"end":{"line":16,"column":37}}],"line":16}},"s":{"0":1,"1":2,"2":4,"3":4,"4":1,"5":3},"f":{"0":2,"1":4},"b":{"0":[1,3],"1":[4,2]},"meta":{"lastBranch":2,"lastFunction":2,"lastStatement":6,"seen":{"s:9:25:29:Infinity":0,"f:9:25:9:26":0,"s:10:2:27:Infinity":1,"f:13:20:13:21":1,"s:14:25:14:Infinity":2,"b:16:10:22:Infinity:undefined:undefined:undefined:undefined":0,"s:16:10:22:Infinity":3,"b:16:14:16:24:16:24:16:37":1,"s:17:12:20:Infinity":4,"s:24:10:24:Infinity":5}}}
,"D:\\projects\\stockbit-movie-app\\src\\features\\movies\\components\\list\\MoviePosterModal.tsx": {"path":"D:\\projects\\stockbit-movie-app\\src\\features\\movies\\components\\list\\MoviePosterModal.tsx","statementMap":{"0":{"start":{"line":11,"column":32},"end":{"line":28,"column":null}},"1":{"start":{"line":12,"column":2},"end":{"line":26,"column":null}}},"fnMap":{"0":{"name":"(anonymous_0)","decl":{"start":{"line":11,"column":32},"end":{"line":11,"column":33}},"loc":{"start":{"line":11,"column":71},"end":{"line":28,"column":null}},"line":11}},"branchMap":{},"s":{"0":2,"1":4},"f":{"0":4},"b":{},"meta":{"lastBranch":0,"lastFunction":1,"lastStatement":2,"seen":{"s:11:32:28:Infinity":0,"f:11:32:11:33":0,"s:12:2:26:Infinity":1}}}
,"D:\\projects\\stockbit-movie-app\\src\\features\\movies\\components\\list\\SearchSuggestions.tsx": {"path":"D:\\projects\\stockbit-movie-app\\src\\features\\movies\\components\\list\\SearchSuggestions.tsx","statementMap":{"0":{"start":{"line":8,"column":33},"end":{"line":24,"column":null}},"1":{"start":{"line":9,"column":2},"end":{"line":9,"column":null}},"2":{"start":{"line":9,"column":21},"end":{"line":9,"column":null}},"3":{"start":{"line":11,"column":2},"end":{"line":22,"column":null}},"4":{"start":{"line":14,"column":8},"end":{"line":20,"column":null}},"5":{"start":{"line":16,"column":25},"end":{"line":16,"column":null}}},"fnMap":{"0":{"name":"(anonymous_0)","decl":{"start":{"line":8,"column":33},"end":{"line":8,"column":34}},"loc":{"start":{"line":8,"column":65},"end":{"line":24,"column":null}},"line":8},"1":{"name":"(anonymous_1)","decl":{"start":{"line":13,"column":29},"end":{"line":13,"column":30}},"loc":{"start":{"line":14,"column":8},"end":{"line":20,"column":null}},"line":14},"2":{"name":"(anonymous_2)","decl":{"start":{"line":16,"column":19},"end":{"line":16,"column":25}},"loc":{"start":{"line":16,"column":25},"end":{"line":16,"column":null}},"line":16}},"branchMap":{"0":{"loc":{"start":{"line":9,"column":2},"end":{"line":9,"column":null}},"type":"if","locations":[{"start":{"line":9,"column":2},"end":{"line":9,"column":null}},{"start":{},"end":{}}],"line":9}},"s":{"0":1,"1":4,"2":1,"3":3,"4":11,"5":1},"f":{"0":4,"1":11,"2":1},"b":{"0":[1,3]},"meta":{"lastBranch":1,"lastFunction":3,"lastStatement":6,"seen":{"s:8:33:24:Infinity":0,"f:8:33:8:34":0,"b:9:2:9:Infinity:undefined:undefined:undefined:undefined":0,"s:9:2:9:Infinity":1,"s:9:21:9:Infinity":2,"s:11:2:22:Infinity":3,"f:13:29:13:30":1,"s:14:8:20:Infinity":4,"f:16:19:16:25":2,"s:16:25:16:Infinity":5}}}
,"D:\\projects\\stockbit-movie-app\\src\\features\\movies\\constants\\ratingColors.ts": {"path":"D:\\projects\\stockbit-movie-app\\src\\features\\movies\\constants\\ratingColors.ts","statementMap":{"0":{"start":{"line":3,"column":58},"end":{"line":11,"column":null}}},"fnMap":{},"branchMap":{},"s":{"0":3},"f":{},"b":{},"meta":{"lastBranch":0,"lastFunction":0,"lastStatement":1,"seen":{"s:3:58:11:Infinity":0}}}
,"D:\\projects\\stockbit-movie-app\\src\\features\\movies\\constants\\ratingIcons.tsx": {"path":"D:\\projects\\stockbit-movie-app\\src\\features\\movies\\constants\\ratingIcons.tsx","statementMap":{"0":{"start":{"line":7,"column":60},"end":{"line":11,"column":null}},"1":{"start":{"line":13,"column":33},"end":{"line":13,"column":null}},"2":{"start":{"line":15,"column":29},"end":{"line":16,"column":null}},"3":{"start":{"line":16,"column":2},"end":{"line":16,"column":null}}},"fnMap":{"0":{"name":"(anonymous_0)","decl":{"start":{"line":15,"column":29},"end":{"line":15,"column":30}},"loc":{"start":{"line":16,"column":2},"end":{"line":16,"column":null}},"line":16}},"branchMap":{"0":{"loc":{"start":{"line":16,"column":2},"end":{"line":16,"column":null}},"type":"binary-expr","locations":[{"start":{"line":16,"column":2},"end":{"line":16,"column":39}},{"start":{"line":16,"column":39},"end":{"line":16,"column":null}}],"line":16}},"s":{"0":2,"1":2,"2":2,"3":9},"f":{"0":9},"b":{"0":[9,3]},"meta":{"lastBranch":1,"lastFunction":1,"lastStatement":4,"seen":{"s:7:60:11:Infinity":0,"s:13:33:13:Infinity":1,"s:15:29:16:Infinity":2,"f:15:29:15:30":0,"s:16:2:16:Infinity":3,"b:16:2:16:39:16:39:16:Infinity":0}}}
,"D:\\projects\\stockbit-movie-app\\src\\features\\movies\\slices\\movieDetailSlice.ts": {"path":"D:\\projects\\stockbit-movie-app\\src\\features\\movies\\slices\\movieDetailSlice.ts","statementMap":{"0":{"start":{"line":11,"column":39},"end":{"line":15,"column":null}},"1":{"start":{"line":17,"column":13},"end":{"line":22,"column":null}},"2":{"start":{"line":20,"column":4},"end":{"line":20,"column":null}},"3":{"start":{"line":24,"column":6},"end":{"line":47,"column":null}},"4":{"start":{"line":29,"column":6},"end":{"line":29,"column":null}},"5":{"start":{"line":33,"column":4},"end":{"line":45,"column":null}},"6":{"start":{"line":35,"column":8},"end":{"line":35,"column":null}},"7":{"start":{"line":36,"column":8},"end":{"line":36,"column":null}},"8":{"start":{"line":39,"column":8},"end":{"line":39,"column":null}},"9":{"start":{"line":40,"column":8},"end":{"line":40,"column":null}},"10":{"start":{"line":43,"column":8},"end":{"line":43,"column":null}},"11":{"start":{"line":44,"column":8},"end":{"line":44,"column":null}},"12":{"start":{"line":49,"column":36},"end":{"line":49,"column":null}}},"fnMap":{"0":{"name":"(anonymous_0)","decl":{"start":{"line":19,"column":2},"end":{"line":19,"column":9}},"loc":{"start":{"line":19,"column":29},"end":{"line":21,"column":null}},"line":19},"1":{"name":"(anonymous_1)","decl":{"start":{"line":28,"column":22},"end":{"line":28,"column":23}},"loc":{"start":{"line":28,"column":33},"end":{"line":30,"column":null}},"line":28},"2":{"name":"(anonymous_2)","decl":{"start":{"line":32,"column":17},"end":{"line":32,"column":18}},"loc":{"start":{"line":32,"column":30},"end":{"line":46,"column":null}},"line":32},"3":{"name":"(anonymous_3)","decl":{"start":{"line":34,"column":41},"end":{"line":34,"column":42}},"loc":{"start":{"line":34,"column":52},"end":{"line":37,"column":7}},"line":34},"4":{"name":"(anonymous_4)","decl":{"start":{"line":38,"column":43},"end":{"line":38,"column":44}},"loc":{"start":{"line":38,"column":62},"end":{"line":41,"column":7}},"line":38},"5":{"name":"(anonymous_5)","decl":{"start":{"line":42,"column":42},"end":{"line":42,"column":43}},"loc":{"start":{"line":42,"column":61},"end":{"line":45,"column":7}},"line":42}},"branchMap":{"0":{"loc":{"start":{"line":44,"column":22},"end":{"line":44,"column":null}},"type":"binary-expr","locations":[{"start":{"line":44,"column":22},"end":{"line":44,"column":46}},{"start":{"line":44,"column":46},"end":{"line":44,"column":null}}],"line":44}},"s":{"0":1,"1":1,"2":1,"3":1,"4":1,"5":1,"6":1,"7":1,"8":1,"9":1,"10":1,"11":1,"12":1},"f":{"0":1,"1":1,"2":1,"3":1,"4":1,"5":1},"b":{"0":[1,0]},"meta":{"lastBranch":1,"lastFunction":6,"lastStatement":13,"seen":{"s:11:39:15:Infinity":0,"s:17:13:22:Infinity":1,"f:19:2:19:9":0,"s:20:4:20:Infinity":2,"s:24:6:47:Infinity":3,"f:28:22:28:23":1,"s:29:6:29:Infinity":4,"f:32:17:32:18":2,"s:33:4:45:Infinity":5,"f:34:41:34:42":3,"s:35:8:35:Infinity":6,"s:36:8:36:Infinity":7,"f:38:43:38:44":4,"s:39:8:39:Infinity":8,"s:40:8:40:Infinity":9,"f:42:42:42:43":5,"s:43:8:43:Infinity":10,"s:44:8:44:Infinity":11,"b:44:22:44:46:44:46:44:Infinity":0,"s:49:36:49:Infinity":12}}}
,"D:\\projects\\stockbit-movie-app\\src\\features\\movies\\slices\\moviesSlice.ts": {"path":"D:\\projects\\stockbit-movie-app\\src\\features\\movies\\slices\\moviesSlice.ts","statementMap":{"0":{"start":{"line":5,"column":31},"end":{"line":5,"column":null}},"1":{"start":{"line":7,"column":34},"end":{"line":14,"column":null}},"2":{"start":{"line":16,"column":13},"end":{"line":21,"column":null}},"3":{"start":{"line":19,"column":4},"end":{"line":19,"column":null}},"4":{"start":{"line":23,"column":6},"end":{"line":60,"column":null}},"5":{"start":{"line":28,"column":6},"end":{"line":28,"column":null}},"6":{"start":{"line":29,"column":6},"end":{"line":29,"column":null}},"7":{"start":{"line":30,"column":6},"end":{"line":30,"column":null}},"8":{"start":{"line":31,"column":6},"end":{"line":31,"column":null}},"9":{"start":{"line":35,"column":4},"end":{"line":58,"column":null}},"10":{"start":{"line":37,"column":8},"end":{"line":37,"column":null}},"11":{"start":{"line":38,"column":8},"end":{"line":38,"column":null}},"12":{"start":{"line":41,"column":8},"end":{"line":41,"column":null}},"13":{"start":{"line":43,"column":8},"end":{"line":50,"column":null}},"14":{"start":{"line":44,"column":10},"end":{"line":44,"column":null}},"15":{"start":{"line":46,"column":28},"end":{"line":48,"column":null}},"16":{"start":{"line":47,"column":20},"end":{"line":47,"column":null}},"17":{"start":{"line":47,"column":46},"end":{"line":47,"column":68}},"18":{"start":{"line":49,"column":10},"end":{"line":49,"column":null}},"19":{"start":{"line":52,"column":8},"end":{"line":52,"column":null}},"20":{"start":{"line":53,"column":8},"end":{"line":53,"column":null}},"21":{"start":{"line":56,"column":8},"end":{"line":56,"column":null}},"22":{"start":{"line":57,"column":8},"end":{"line":57,"column":null}},"23":{"start":{"line":62,"column":30},"end":{"line":62,"column":null}}},"fnMap":{"0":{"name":"(anonymous_0)","decl":{"start":{"line":18,"column":2},"end":{"line":18,"column":9}},"loc":{"start":{"line":18,"column":66},"end":{"line":20,"column":null}},"line":18},"1":{"name":"(anonymous_1)","decl":{"start":{"line":27,"column":4},"end":{"line":27,"column":15}},"loc":{"start":{"line":27,"column":30},"end":{"line":32,"column":null}},"line":27},"2":{"name":"(anonymous_2)","decl":{"start":{"line":34,"column":17},"end":{"line":34,"column":18}},"loc":{"start":{"line":34,"column":30},"end":{"line":59,"column":null}},"line":34},"3":{"name":"(anonymous_3)","decl":{"start":{"line":36,"column":36},"end":{"line":36,"column":37}},"loc":{"start":{"line":36,"column":47},"end":{"line":39,"column":7}},"line":36},"4":{"name":"(anonymous_4)","decl":{"start":{"line":40,"column":38},"end":{"line":40,"column":39}},"loc":{"start":{"line":40,"column":57},"end":{"line":54,"column":7}},"line":40},"5":{"name":"(anonymous_5)","decl":{"start":{"line":47,"column":12},"end":{"line":47,"column":13}},"loc":{"start":{"line":47,"column":20},"end":{"line":47,"column":null}},"line":47},"6":{"name":"(anonymous_6)","decl":{"start":{"line":47,"column":39},"end":{"line":47,"column":40}},"loc":{"start":{"line":47,"column":46},"end":{"line":47,"column":68}},"line":47},"7":{"name":"(anonymous_7)","decl":{"start":{"line":55,"column":37},"end":{"line":55,"column":38}},"loc":{"start":{"line":55,"column":56},"end":{"line":58,"column":7}},"line":55}},"branchMap":{"0":{"loc":{"start":{"line":43,"column":8},"end":{"line":50,"column":null}},"type":"if","locations":[{"start":{"line":43,"column":8},"end":{"line":50,"column":null}},{"start":{"line":45,"column":15},"end":{"line":50,"column":null}}],"line":43},"1":{"loc":{"start":{"line":57,"column":22},"end":{"line":57,"column":null}},"type":"binary-expr","locations":[{"start":{"line":57,"column":22},"end":{"line":57,"column":46}},{"start":{"line":57,"column":46},"end":{"line":57,"column":null}}],"line":57}},"s":{"0":1,"1":1,"2":1,"3":1,"4":1,"5":1,"6":1,"7":1,"8":1,"9":1,"10":1,"11":1,"12":2,"13":2,"14":1,"15":1,"16":2,"17":4,"18":1,"19":2,"20":2,"21":1,"22":1,"23":1},"f":{"0":1,"1":1,"2":1,"3":1,"4":2,"5":2,"6":4,"7":1},"b":{"0":[1,1],"1":[1,0]},"meta":{"lastBranch":2,"lastFunction":8,"lastStatement":24,"seen":{"s:5:31:5:Infinity":0,"s:7:34:14:Infinity":1,"s:16:13:21:Infinity":2,"f:18:2:18:9":0,"s:19:4:19:Infinity":3,"s:23:6:60:Infinity":4,"f:27:4:27:15":1,"s:28:6:28:Infinity":5,"s:29:6:29:Infinity":6,"s:30:6:30:Infinity":7,"s:31:6:31:Infinity":8,"f:34:17:34:18":2,"s:35:4:58:Infinity":9,"f:36:36:36:37":3,"s:37:8:37:Infinity":10,"s:38:8:38:Infinity":11,"f:40:38:40:39":4,"s:41:8:41:Infinity":12,"b:43:8:50:Infinity:45:15:50:Infinity":0,"s:43:8:50:Infinity":13,"s:44:10:44:Infinity":14,"s:46:28:48:Infinity":15,"f:47:12:47:13":5,"s:47:20:47:Infinity":16,"f:47:39:47:40":6,"s:47:46:47:68":17,"s:49:10:49:Infinity":18,"s:52:8:52:Infinity":19,"s:53:8:53:Infinity":20,"f:55:37:55:38":7,"s:56:8:56:Infinity":21,"s:57:8:57:Infinity":22,"b:57:22:57:46:57:46:57:Infinity":1,"s:62:30:62:Infinity":23}}}
,"D:\\projects\\stockbit-movie-app\\src\\services\\axios.ts": {"path":"D:\\projects\\stockbit-movie-app\\src\\services\\axios.ts","statementMap":{"0":{"start":{"line":3,"column":29},"end":{"line":8,"column":null}}},"fnMap":{},"branchMap":{},"s":{"0":1},"f":{},"b":{},"meta":{"lastBranch":0,"lastFunction":0,"lastStatement":1,"seen":{"s:3:29:8:Infinity":0}}}
}
